[000001] 1 [     1 - request] map["url":"https://authserver.szu.edu.cn/authserver/login?service=https%3A%2F%2Fehall.szu.edu.cn%3A443%2Fqljfwapp%2Fsys%2FlwSzuCgyy%2Findex.do%23%2FsportVenue"] (0s)
[000002] 1 [     1 - responseHeaders] map["status":"OK" "url":"https://authserver.szu.edu.cn/authserver/login?service=https%3A%2F%2Fehall.szu.edu.cn%3A443%2Fqljfwapp%2Fsys%2FlwSzuCgyy%2Findex.do%23%2FsportVenue"] (605.6167ms)
[000003] 1 [     1 - response] map["status":"OK" "url":"https://authserver.szu.edu.cn/authserver/login?service=https%3A%2F%2Fehall.szu.edu.cn%3A443%2Fqljfwapp%2Fsys%2FlwSzuCgyy%2Findex.do%23%2FsportVenue"] (1.108822s)
[000004] 1 [     1 - html] map["selector":"form#pwdFromId" "url":"https://authserver.szu.edu.cn/authserver/login?service=https%3A%2F%2Fehall.szu.edu.cn%3A443%2Fqljfwapp%2Fsys%2FlwSzuCgyy%2Findex.do%23%2FsportVenue"] (1.1098471s)
[000005] 1 [     1 - scraped] map["url":"https://authserver.szu.edu.cn/authserver/login?service=https%3A%2F%2Fehall.szu.edu.cn%3A443%2Fqljfwapp%2Fsys%2FlwSzuCgyy%2Findex.do%23%2FsportVenue"] (1.1098471s)
[000006] 1 [     2 - request] map["url":"https://authserver.szu.edu.cn/authserver/login?service=https%3A%2F%2Fehall.szu.edu.cn%3A443%2Fqljfwapp%2Fsys%2FlwSzuCgyy%2Findex.do%23%2FsportVenue"] (1.1266684s)
[000007] 1 [     2 - responseHeaders] map["status":"OK" "url":"https://authserver.szu.edu.cn/authserver/login?service=https%3A%2F%2Fehall.szu.edu.cn%3A443%2Fqljfwapp%2Fsys%2FlwSzuCgyy%2Findex.do%23%2FsportVenue"] (3.0895991s)
[000008] 1 [     2 - response] map["status":"OK" "url":"https://ehall.szu.edu.cn:443/qljfwapp/sys/lwSzuCgyy/index.do"] (3.0895991s)
[000009] 1 [     2 - scraped] map["url":"https://ehall.szu.edu.cn:443/qljfwapp/sys/lwSzuCgyy/index.do"] (3.0916468s)
[000010] 1 [     3 - request] map["url":"https://ehall.szu.edu.cn/qljfwapp/sys/lwSzuCgyy/index.do"] (3.0916468s)
[000011] 1 [     3 - responseHeaders] map["status":"OK" "url":"https://ehall.szu.edu.cn/qljfwapp/sys/lwSzuCgyy/index.do"] (3.3550975s)
[000012] 1 [     3 - response] map["status":"OK" "url":"https://ehall.szu.edu.cn:443/qljfwapp/sys/lwSzuCgyy/index.do"] (3.3550975s)
[000013] 1 [     3 - scraped] map["url":"https://ehall.szu.edu.cn:443/qljfwapp/sys/lwSzuCgyy/index.do"] (3.3581763s)

n?service=https%3A%2F%2Fehall.szu.edu.cn%3A443%2Fqljfwapp%2Fsys%2FlwSzuCgyy%2Findex.do%23%2FsportVenue"] (1.9661323s)
[000012] 1 [     2 - response] map["status":"OK" "url":"https://ehall.szu.edu.cn:443/qljfwapp/sys/lwSzuCgyy/index.do"] (1.9674227s)
[000013] 1 [     2 - scraped] map["url":"https://ehall.szu.edu.cn:443/qljfwapp/sys/lwSzuCgyy/index.do"] (1.96848s)
[000014] 1 [     3 - request] map["url":"https://ehall.szu.edu.cn/qljfwapp/sys/lwSzuCgyy/index.do"] (1.96848s)
[000015] 1 [     3 - responseHeaders] map["status":"OK" "url":"https://ehall.szu.edu.cn/qljfwapp/sys/lwSzuCgyy/index.do"] (1.9909533s)
[000016] 1 [     3 - response] map["status":"OK" "url":"https://ehall.szu.edu.cn/qljfwapp/sys/lwSzuCgyy/index.do"] (1.9916856s)
[000017] 1 [     3 - scraped] map["url":"https://ehall.szu.edu.cn/qljfwapp/sys/lwSzuCgyy/index.do"] (1.9927177s)
75s)

)
)
019] 1 [     5 - responseHeaders] map["status":"OK" "url":"https://ehall.szu.edu.cn/qljfwapp/sys/lwSzuCgyy/sportVenue/getSportVenueData.do"] (3.4551593s)
[000020] 1 [     5 - response] map["status":"OK" "url":"https://ehall.szu.edu.cn/qljfwapp/sys/lwSzuCgyy/sportVenue/getSportVenueData.do"] (3.455271533s)
[000021] 1 [     5 - scraped] map["url":"https://ehall.szu.edu.cn/qljfwapp/sys/lwSzuCgyy/sportVenue/getSportVenueData.do"] (3.455300924s)
[000022] 1 [     6 - request] map["url":"https://ehall.szu.edu.cn/qljfwapp/sys/lwSzuCgyy/sportVenue/getSportVenueData.do?_=1699250844196"] (3.45531307s)
[000023] 1 [     6 - responseHeaders] map["status":"OK" "url":"https://ehall.szu.edu.cn/qljfwapp/sys/lwSzuCgyy/sportVenue/getSportVenueData.do?_=1699250844196"] (3.465821933s)
[000024] 1 [     6 - response] map["status":"OK" "url":"https://ehall.szu.edu.cn/qljfwapp/sys/lwSzuCgyy/sportVenue/getSportVenueData.do?_=1699250844196"] (3.465967073s)
[000025] 1 [     6 - scraped] map["url":"https://ehall.szu.edu.cn/qljfwapp/sys/lwSzuCgyy/sportVenue/getSportVenueData.do?_=1699250844196"] (3.466012292s)
ms)
